Built from '6000.2/staging' branch; Version is '6000.2.12f1 (e89d5df0e333) revision 15244637'; Using compiler version '194234433'; Build Type 'Release'
[Licensing::Module] Trying to connect to existing licensing client channel...
OS: 'Windows 10  (10.0.19045) 64bit Core' Language: 'en' Physical Memory: 7913 MB
[Licensing::IpcConnector] Successfully connected to: "LicenseClient-Thoas Shelby" at "2025-12-01T20:10:40.4480777Z"
BatchMode: 1, IsHumanControllingUs: 0, StartBugReporterOnCrash: 0, Is64bit: 1
Date: 2025-12-01T20:10:40Z

COMMAND LINE ARGUMENTS:
C:\Program Files\Unity\Hub\Editor\6000.2.12f1\Editor\Unity.exe
-adb2
-batchMode
-noUpm
-name
AssetImportWorker0
-projectPath
C:/UnityProjects/DungeonBroker
-logFile
Logs/AssetImportWorker0.log
-srvPort
55856
-licensingIpc
LicenseClient-Thoas Shelby
-job-worker-count
1
-background-job-worker-count
8
-gc-helper-count
1
-name
AssetImport
Successfully changed project path to: C:/UnityProjects/DungeonBroker
C:/UnityProjects/DungeonBroker
[UnityMemory] Configuration Parameters - Can be set up in boot.config
    "memorysetup-allocator-temp-initial-block-size-main=262144"
    "memorysetup-allocator-temp-initial-block-size-worker=262144"
    "memorysetup-bucket-allocator-granularity=16"
    "memorysetup-bucket-allocator-bucket-count=8"
    "memorysetup-bucket-allocator-block-size=33554432"
    "memorysetup-bucket-allocator-block-count=8"
    "memorysetup-main-allocator-block-size=16777216"
    "memorysetup-thread-allocator-block-size=16777216"
    "memorysetup-gfx-main-allocator-block-size=16777216"
    "memorysetup-gfx-thread-allocator-block-size=16777216"
    "memorysetup-cache-allocator-block-size=4194304"
    "memorysetup-typetree-allocator-block-size=2097152"
    "memorysetup-profiler-bucket-allocator-granularity=16"
    "memorysetup-profiler-bucket-allocator-bucket-count=8"
    "memorysetup-profiler-bucket-allocator-block-size=33554432"
    "memorysetup-profiler-bucket-allocator-block-count=8"
    "memorysetup-profiler-allocator-block-size=16777216"
    "memorysetup-profiler-editor-allocator-block-size=1048576"
    "memorysetup-temp-allocator-size-main=16777216"
    "memorysetup-job-temp-allocator-block-size=2097152"
    "memorysetup-job-temp-allocator-block-size-background=1048576"
    "memorysetup-job-temp-allocator-reduction-small-platforms=262144"
    "memorysetup-temp-allocator-size-background-worker=32768"
    "memorysetup-temp-allocator-size-job-worker=262144"
    "memorysetup-temp-allocator-size-preload-manager=33554432"
    "memorysetup-temp-allocator-size-nav-mesh-worker=65536"
    "memorysetup-temp-allocator-size-audio-worker=65536"
    "memorysetup-temp-allocator-size-cloud-worker=32768"
    "memorysetup-temp-allocator-size-gi-baking-worker=262144"
    "memorysetup-temp-allocator-size-gi-baking-worker=262144"
    "memorysetup-temp-allocator-size-gi-baking-worker=262144"
    "memorysetup-temp-allocator-size-gi-baking-worker=262144"
    "memorysetup-temp-allocator-size-gi-baking-worker=262144"
    "memorysetup-temp-allocator-size-gfx=262144"
Player connection [5320]  Target information:

Player connection [5320]  * "[IP] 10.185.253.150 [Port] 0 [Flags] 2 [Guid] 2659324311 [EditorId] 2659324311 [Version] 1048832 [Id] WindowsEditor(7,DESKTOP-1TRP659) [Debug] 1 [PackageName] WindowsEditor [ProjectName] Editor" 

Player connection [5320] Host joined multi-casting on [225.0.0.222:54997]...
Player connection [5320] Host joined alternative multi-casting on [225.0.0.222:34997]...
JobSystem: Creating JobQueue using job-worker-count value 1
Input System module state changed to: Initialized.
[Physics::Module] Initialized fallback backend.
[Physics::Module] Id: 0xdecafbad
Library Redirect Path: Library/
[Physics::Module] Selected backend.
[Physics::Module] Name: PhysX
[Physics::Module] Id: 0xf2b8ea05
[Physics::Module] SDK Version: 4.1.2
[Physics::Module] Integration Version: 1.0.0
[Physics::Module] Threading Mode: Multi-Threaded
Refreshing native plugins compatible for Editor in 112.06 ms, found 3 plugins.
Preloading 0 native plugins for Editor in 0.00 ms.
Initialize engine version: 6000.2.12f1 (e89d5df0e333)
[Subsystems] Discovering subsystems at path C:/Program Files/Unity/Hub/Editor/6000.2.12f1/Editor/Data/Resources/UnitySubsystems
[Subsystems] Discovering subsystems at path C:/UnityProjects/DungeonBroker/Assets
GfxDevice: creating device client; kGfxThreadingModeNonThreaded
Direct3D:
    Version:  Direct3D 11.0 [level 11.1]
    Renderer: Intel(R) HD Graphics 620 (ID=0x5916)
    Vendor:   Intel
    VRAM:     3956 MB
    Driver:   31.0.101.2111
Initialize mono
Mono path[0] = 'C:/Program Files/Unity/Hub/Editor/6000.2.12f1/Editor/Data/Managed'
Mono path[1] = 'C:/Program Files/Unity/Hub/Editor/6000.2.12f1/Editor/Data/MonoBleedingEdge/lib/mono/unityjit-win32'
Mono config path = 'C:/Program Files/Unity/Hub/Editor/6000.2.12f1/Editor/Data/MonoBleedingEdge/etc'
Using monoOptions --debugger-agent=transport=dt_socket,embedding=1,server=y,suspend=n,address=127.0.0.1:56572
Begin MonoManager ReloadAssembly
Registering precompiled unity dll's ...
Register platform support module: C:/Program Files/Unity/Hub/Editor/6000.2.12f1/Editor/Data/PlaybackEngines/WebGLSupport/UnityEditor.WebGL.Extensions.dll
[Licensing::Module] Licensing is not yet initialized.
[Licensing::Client] Error: HandshakeResponse reported an error:
	ResponseCode: 505
	ResponseStatus: Unsupported protocol version '1.17.4'.
[Licensing::Module] Error: Failed to handshake to channel: "LicenseClient-Thoas Shelby"
[Licensing::IpcConnector] LicenseClient-Thoas Shelby channel disconnected successfully.
[Licensing::IpcConnector] Successfully connected to: "LicenseClient-Thoas Shelby-6000.2.12" at "2025-12-01T20:10:55.7195518Z"
[Licensing::Client] Handshaking with LicensingClient:
  Version:                 1.17.4+4293ba1
  Session Id:              59f68031938741aaa16b6dd876cda194
  Correlation Id:          e24ab5cceb27b1bf902946ad4c635334
  External correlation Id: 5473279319142624856
  Machine Id:              FL0bVdQzmEQdIvB0MzBryVamXPE=
[Licensing::Module] Successfully connected to LicensingClient on channel: "LicenseClient-Thoas Shelby-6000.2.12" (connect: 0.00s, validation: 0.01s, handshake: 12.78s)
[Licensing::IpcConnector] Successfully connected to: "LicenseClient-Thoas Shelby-6000.2.12-notifications" at "2025-12-01T20:11:08.5200913Z"
[Licensing::Module] Licensing Background thread has ended after 28.08s
[Licensing::Module] Licensing is initialized (took 18.22s).
[Licensing::Client] Successfully resolved entitlement details
[Licensing::Module] License group:
  Id: 5773928858965-UnityPersXXXX
  Product: Unity Personal
  Type: Assigned
  Expiration: Unlimited
Register platform support module: C:/Program Files/Unity/Hub/Editor/6000.2.12f1/Editor/Data/PlaybackEngines/VisionOSPlayer/UnityEditor.VisionOS.Extensions.dll
Register platform support module: C:/Program Files/Unity/Hub/Editor/6000.2.12f1/Editor/Data/PlaybackEngines/WindowsStandaloneSupport/UnityEditor.WindowsStandalone.Extensions.dll
[Licensing::Client] Successfully resolved entitlement details
Register platform support module: C:/Program Files/Unity/Hub/Editor/6000.2.12f1/Editor/Data/PlaybackEngines/MetroSupport/UnityEditor.UWP.Extensions.dll
Registered in 18.328673 seconds.
- Loaded All Assemblies, in 21.050 seconds
Native extension for UWP target not found
Native extension for WindowsStandalone target not found
Failed to load: C:/Program Files/Unity/Hub/Editor/6000.2.12f1/Editor/Data/PlaybackEngines/VisionOSPlayer\x64\UnityEditor.VisionOS.Native.dll
Native extension for VisionOS target not found
Native extension for WebGL target not found
Mono: successfully reloaded assembly
- Finished resetting the current domain, in  2.164 seconds
Domain Reload Profiling: 23202ms
	BeginReloadAssembly (791ms)
		ExecutionOrderSort (0ms)
		DisableScriptedObjects (0ms)
		BackupInstance (0ms)
		ReleaseScriptingObjects (0ms)
		CreateAndSetChildDomain (6ms)
	RebuildCommonClasses (665ms)
	RebuildNativeTypeToScriptingClass (253ms)
	initialDomainReloadingComplete (18719ms)
	LoadAllAssembliesAndSetupDomain (609ms)
		LoadAssemblies (781ms)
		RebuildTransferFunctionScriptingTraits (0ms)
		AnalyzeDomain (592ms)
			TypeCache.Refresh (587ms)
				TypeCache.ScanAssembly (538ms)
			BuildScriptInfoCaches (0ms)
			ResolveRequiredComponents (2ms)
	FinalizeReload (2165ms)
		ReleaseScriptCaches (0ms)
		RebuildScriptCaches (0ms)
		SetupLoadedEditorAssemblies (1981ms)
			LogAssemblyErrors (0ms)
			InitializePlatformSupportModulesInManaged (340ms)
			SetLoadedEditorAssemblies (12ms)
			BeforeProcessingInitializeOnLoad (271ms)
			ProcessInitializeOnLoadAttributes (1161ms)
			ProcessInitializeOnLoadMethodAttributes (196ms)
			AfterProcessingInitializeOnLoad (0ms)
			EditorAssembliesLoaded (0ms)
		ExecutionOrderSort2 (0ms)
		AwakeInstancesAfterBackupRestoration (0ms)
========================================================================
Worker process is ready to serve import requests
Import Worker Mode flag is 0x00
Begin MonoManager ReloadAssembly
[Licensing::Client] Successfully resolved entitlement details
- Loaded All Assemblies, in  5.014 seconds
Refreshing native plugins compatible for Editor in 6.65 ms, found 3 plugins.
Native extension for UWP target not found
Native extension for WindowsStandalone target not found
Failed to load: C:/Program Files/Unity/Hub/Editor/6000.2.12f1/Editor/Data/PlaybackEngines/VisionOSPlayer\x64\UnityEditor.VisionOS.Native.dll
Native extension for VisionOS target not found
Native extension for WebGL target not found
Package Manager log level set to [2]
[Package Manager] Failed to launch server process. Reason: Unity was launched with the -noUpm command-line argument
[Package Manager] Unable to send message (not connected to server process).
[Package Manager] Cannot connect to Unity Package Manager local server
Mono: successfully reloaded assembly
- Finished resetting the current domain, in  8.405 seconds
Domain Reload Profiling: 13402ms
	BeginReloadAssembly (622ms)
		ExecutionOrderSort (0ms)
		DisableScriptedObjects (14ms)
		BackupInstance (0ms)
		ReleaseScriptingObjects (0ms)
		CreateAndSetChildDomain (103ms)
	RebuildCommonClasses (154ms)
	RebuildNativeTypeToScriptingClass (49ms)
	initialDomainReloadingComplete (120ms)
	LoadAllAssembliesAndSetupDomain (4050ms)
		LoadAssemblies (2509ms)
		RebuildTransferFunctionScriptingTraits (0ms)
		AnalyzeDomain (1835ms)
			TypeCache.Refresh (1346ms)
				TypeCache.ScanAssembly (1087ms)
			BuildScriptInfoCaches (414ms)
			ResolveRequiredComponents (51ms)
	FinalizeReload (8407ms)
		ReleaseScriptCaches (0ms)
		RebuildScriptCaches (0ms)
		SetupLoadedEditorAssemblies (7143ms)
			LogAssemblyErrors (0ms)
			InitializePlatformSupportModulesInManaged (104ms)
			SetLoadedEditorAssemblies (23ms)
			BeforeProcessingInitializeOnLoad (1944ms)
			ProcessInitializeOnLoadAttributes (4149ms)
			ProcessInitializeOnLoadMethodAttributes (869ms)
			AfterProcessingInitializeOnLoad (51ms)
			EditorAssembliesLoaded (3ms)
		ExecutionOrderSort2 (0ms)
		AwakeInstancesAfterBackupRestoration (47ms)
Launched and connected shader compiler UnityShaderCompiler.exe after 0.09 seconds
Refreshing native plugins compatible for Editor in 6.34 ms, found 3 plugins.
Preloading 0 native plugins for Editor in 0.00 ms.
Unloading 14 Unused Serialized files (Serialized files now loaded: 0)
Unloading 6189 unused Assets / (2.6 MB). Loaded Objects now: 6905.
Memory consumption went from 130.0 MB to 127.4 MB.
Total: 37.995600 ms (FindLiveObjects: 1.684800 ms CreateObjectMapping: 1.826500 ms MarkObjects: 24.648700 ms  DeleteObjects: 9.829600 ms)

========================================================================
Received Import Request.
  Time since last request: 208785.357627 seconds.
  path: Assets/Items/Poision.asset
  artifactKey: Guid(ade35a7409bce6f4dbc3272cb7df18ee) Importer(815301076,1909f56bfc062723c751e8b465ee728b)
Start importing Assets/Items/Poision.asset using Guid(ade35a7409bce6f4dbc3272cb7df18ee) Importer(815301076,1909f56bfc062723c751e8b465ee728b) (PreviewImporter) -> (artifact id: 'f968b78554f562721a1276212e7459f4') in 0.0964232 seconds
Number of updated asset objects reloaded before import = 0Number of asset objects unloaded after import = 1

========================================================================
Received Import Request.
  Time since last request: 3.360537 seconds.
  path: Assets/Scripts/PlayerScripts/PlayerInventory.cs
  artifactKey: Guid(9ae7b90b95efeee4287a37a08d91f927) Importer(2089858483,192608db42251d675da83286b1cce702)
Start importing Assets/Scripts/PlayerScripts/PlayerInventory.cs using Guid(9ae7b90b95efeee4287a37a08d91f927) Importer(2089858483,192608db42251d675da83286b1cce702) (ScriptedImporter) -> (artifact id: 'cc3438c8803685d55c7f3a675e936f25') in 0.6375101 seconds
Number of updated asset objects reloaded before import = 0Number of asset objects unloaded after import = 0

========================================================================
Received Import Request.
  Time since last request: 0.000033 seconds.
  path: Assets/Scripts/PlayerScripts/PlayerStats.cs
  artifactKey: Guid(e8881d82a55e0724ea2275230ffd9858) Importer(2089858483,192608db42251d675da83286b1cce702)
Start importing Assets/Scripts/PlayerScripts/PlayerStats.cs using Guid(e8881d82a55e0724ea2275230ffd9858) Importer(2089858483,192608db42251d675da83286b1cce702) (ScriptedImporter) -> (artifact id: '1cfc7718e8a04d814a524d1a7f21d7eb') in 0.0545798 seconds
Number of updated asset objects reloaded before import = 0Number of asset objects unloaded after import = 0

========================================================================
Received Import Request.
  Time since last request: 0.000045 seconds.
  path: Assets/Scripts/PlayerScripts/PlayerUI.cs
  artifactKey: Guid(583b1536d169ac5418322a6996d0ab33) Importer(2089858483,192608db42251d675da83286b1cce702)
Start importing Assets/Scripts/PlayerScripts/PlayerUI.cs using Guid(583b1536d169ac5418322a6996d0ab33) Importer(2089858483,192608db42251d675da83286b1cce702) (ScriptedImporter) -> (artifact id: 'd2c1dbb85548e1e32608567fc0fbd7a9') in 0.0293153 seconds
Number of updated asset objects reloaded before import = 0Number of asset objects unloaded after import = 0

========================================================================
Received Import Request.
  Time since last request: 0.000051 seconds.
  path: Assets/Scripts/PlayerScripts/ConsumableItem.cs
  artifactKey: Guid(80d0413882f3e20409df383b7614c193) Importer(2089858483,192608db42251d675da83286b1cce702)
Start importing Assets/Scripts/PlayerScripts/ConsumableItem.cs using Guid(80d0413882f3e20409df383b7614c193) Importer(2089858483,192608db42251d675da83286b1cce702) (ScriptedImporter) -> (artifact id: 'e6581116912af1378fa30be2a23c4b85') in 0.0330292 seconds
Number of updated asset objects reloaded before import = 0Number of asset objects unloaded after import = 0

========================================================================
Received Import Request.
  Time since last request: 0.000027 seconds.
  path: Assets/Scripts/PlayerScripts/TestConsumableUser.cs
  artifactKey: Guid(8ee7543d554fbf24da3a7e3864a90d86) Importer(2089858483,192608db42251d675da83286b1cce702)
Start importing Assets/Scripts/PlayerScripts/TestConsumableUser.cs using Guid(8ee7543d554fbf24da3a7e3864a90d86) Importer(2089858483,192608db42251d675da83286b1cce702) (ScriptedImporter) -> (artifact id: '5c4ea5a385c511f3cd4f8e7a5959d362') in 0.03098 seconds
Number of updated asset objects reloaded before import = 0Number of asset objects unloaded after import = 0

========================================================================
Received Import Request.
  Time since last request: 0.000034 seconds.
  path: Assets/Scripts/PlayerScripts/PlayerController.cs
  artifactKey: Guid(4b251472e6165e9489b7cb213aa9d6fa) Importer(2089858483,192608db42251d675da83286b1cce702)
Start importing Assets/Scripts/PlayerScripts/PlayerController.cs using Guid(4b251472e6165e9489b7cb213aa9d6fa) Importer(2089858483,192608db42251d675da83286b1cce702) (ScriptedImporter) -> (artifact id: '2b5ef1dba9c6f6cc2859da8b462d1dcf') in 0.030134 seconds
Number of updated asset objects reloaded before import = 0Number of asset objects unloaded after import = 0

========================================================================
Received Import Request.
  Time since last request: 0.000035 seconds.
  path: Assets/Scripts/PlayerScripts/PlayerStatusEffects.cs
  artifactKey: Guid(22aab71e2b64d854d9de851fc8d770a4) Importer(2089858483,192608db42251d675da83286b1cce702)
Start importing Assets/Scripts/PlayerScripts/PlayerStatusEffects.cs using Guid(22aab71e2b64d854d9de851fc8d770a4) Importer(2089858483,192608db42251d675da83286b1cce702) (ScriptedImporter) -> (artifact id: 'edbd94246220a2e79403c5e44de78f7a') in 0.0318332 seconds
Number of updated asset objects reloaded before import = 0Number of asset objects unloaded after import = 0

========================================================================
Received Import Request.
  Time since last request: 0.000031 seconds.
  path: Assets/Scenes/TestingScene.unity
  artifactKey: Guid(4444b3f600b7f3748aeefc648e6381fa) Importer(2089858483,192608db42251d675da83286b1cce702)
Start importing Assets/Scenes/TestingScene.unity using Guid(4444b3f600b7f3748aeefc648e6381fa) Importer(2089858483,192608db42251d675da83286b1cce702) (ScriptedImporter) -> (artifact id: '6ab97f48909f6495be396dbfd9c45ef3') in 0.0511923 seconds
Number of updated asset objects reloaded before import = 0Number of asset objects unloaded after import = 1

========================================================================
Received Import Request.
  Time since last request: 1.487825 seconds.
  path: Assets/Items/Poision.asset
  artifactKey: Guid(ade35a7409bce6f4dbc3272cb7df18ee) Importer(2089858483,192608db42251d675da83286b1cce702)
Start importing Assets/Items/Poision.asset using Guid(ade35a7409bce6f4dbc3272cb7df18ee) Importer(2089858483,192608db42251d675da83286b1cce702) (ScriptedImporter) -> (artifact id: '1fd88c70c62913e8d5311fb733f1b5f1') in 0.0841116 seconds
Number of updated asset objects reloaded before import = 0Number of asset objects unloaded after import = 1

========================================================================
Received Import Request.
  Time since last request: 1.102264 seconds.
  path: Assets/Items/Consumables
  artifactKey: Guid(884cfdfb6538b8a458ff36afcb057272) Importer(2089858483,192608db42251d675da83286b1cce702)
Start importing Assets/Items/Consumables using Guid(884cfdfb6538b8a458ff36afcb057272) Importer(2089858483,192608db42251d675da83286b1cce702) (ScriptedImporter) -> (artifact id: '077cf8426a700c7f2d299dd4a04b77b1') in 0.033498 seconds
Number of updated asset objects reloaded before import = 0Number of asset objects unloaded after import = 1

========================================================================
Received Import Request.
  Time since last request: 15.516916 seconds.
  path: Assets/Items/Consumables/Poision.asset
  artifactKey: Guid(ade35a7409bce6f4dbc3272cb7df18ee) Importer(815301076,1909f56bfc062723c751e8b465ee728b)
Start importing Assets/Items/Consumables/Poision.asset using Guid(ade35a7409bce6f4dbc3272cb7df18ee) Importer(815301076,1909f56bfc062723c751e8b465ee728b) (PreviewImporter) -> (artifact id: '05ac2da1c6bb91d9ea51da3941421f91') in 0.0024578 seconds
Number of updated asset objects reloaded before import = 0Number of asset objects unloaded after import = 1

========================================================================
Received Import Request.
  Time since last request: 0.418046 seconds.
  path: Assets/Items/Consumables
  artifactKey: Guid(884cfdfb6538b8a458ff36afcb057272) Importer(815301076,1909f56bfc062723c751e8b465ee728b)
Start importing Assets/Items/Consumables using Guid(884cfdfb6538b8a458ff36afcb057272) Importer(815301076,1909f56bfc062723c751e8b465ee728b) (PreviewImporter) -> (artifact id: 'e72ede25f1b728565a2535d5029abc6b') in 0.005535 seconds
Number of updated asset objects reloaded before import = 0Number of asset objects unloaded after import = 0

========================================================================
Received Import Request.
  Time since last request: 0.174774 seconds.
  path: Assets/Items/Consumables/Poision.asset
  artifactKey: Guid(ade35a7409bce6f4dbc3272cb7df18ee) Importer(2089858483,192608db42251d675da83286b1cce702)
Start importing Assets/Items/Consumables/Poision.asset using Guid(ade35a7409bce6f4dbc3272cb7df18ee) Importer(2089858483,192608db42251d675da83286b1cce702) (ScriptedImporter) -> (artifact id: '349b6f5527307df19518204fd1fbbc68') in 0.0457746 seconds
Number of updated asset objects reloaded before import = 0Number of asset objects unloaded after import = 1

========================================================================
Received Prepare
Begin MonoManager ReloadAssembly
[Licensing::Client] Successfully resolved entitlement details
- Loaded All Assemblies, in  7.979 seconds
Refreshing native plugins compatible for Editor in 5.66 ms, found 3 plugins.
Native extension for UWP target not found
Native extension for WindowsStandalone target not found
Failed to load: C:/Program Files/Unity/Hub/Editor/6000.2.12f1/Editor/Data/PlaybackEngines/VisionOSPlayer\x64\UnityEditor.VisionOS.Native.dll
Native extension for VisionOS target not found
Native extension for WebGL target not found
[Package Manager] Failed to launch server process. Reason: Unity was launched with the -noUpm command-line argument
[Package Manager] Unable to send message (not connected to server process).
[Package Manager] Cannot connect to Unity Package Manager local server
Mono: successfully reloaded assembly
- Finished resetting the current domain, in  5.209 seconds
Domain Reload Profiling: 13256ms
	BeginReloadAssembly (1083ms)
		ExecutionOrderSort (0ms)
		DisableScriptedObjects (48ms)
		BackupInstance (0ms)
		ReleaseScriptingObjects (1ms)
		CreateAndSetChildDomain (259ms)
	RebuildCommonClasses (198ms)
	RebuildNativeTypeToScriptingClass (56ms)
	initialDomainReloadingComplete (126ms)
	LoadAllAssembliesAndSetupDomain (6582ms)
		LoadAssemblies (1739ms)
		RebuildTransferFunctionScriptingTraits (0ms)
		AnalyzeDomain (5225ms)
			TypeCache.Refresh (20ms)
				TypeCache.ScanAssembly (0ms)
			BuildScriptInfoCaches (4678ms)
			ResolveRequiredComponents (440ms)
	FinalizeReload (5211ms)
		ReleaseScriptCaches (0ms)
		RebuildScriptCaches (0ms)
		SetupLoadedEditorAssemblies (3504ms)
			LogAssemblyErrors (0ms)
			InitializePlatformSupportModulesInManaged (264ms)
			SetLoadedEditorAssemblies (29ms)
			BeforeProcessingInitializeOnLoad (1435ms)
			ProcessInitializeOnLoadAttributes (1587ms)
			ProcessInitializeOnLoadMethodAttributes (171ms)
			AfterProcessingInitializeOnLoad (18ms)
			EditorAssembliesLoaded (0ms)
		ExecutionOrderSort2 (0ms)
		AwakeInstancesAfterBackupRestoration (41ms)
Refreshing native plugins compatible for Editor in 8.23 ms, found 3 plugins.
Preloading 0 native plugins for Editor in 0.00 ms.
Unloading 14 Unused Serialized files (Serialized files now loaded: 0)
Unloading 6187 unused Assets / (4.0 MB). Loaded Objects now: 6924.
Memory consumption went from 135.5 MB to 131.4 MB.
Total: 42.546300 ms (FindLiveObjects: 1.720500 ms CreateObjectMapping: 4.654000 ms MarkObjects: 20.672600 ms  DeleteObjects: 15.495100 ms)

Prepare: number of updated asset objects reloaded= 0
========================================================================
Received Prepare
Refreshing native plugins compatible for Editor in 5.29 ms, found 3 plugins.
Preloading 0 native plugins for Editor in 0.00 ms.
Unloading 14 Unused Serialized files (Serialized files now loaded: 0)
Unloading 6181 unused Assets / (5.5 MB). Loaded Objects now: 6924.
Memory consumption went from 135.6 MB to 130.2 MB.
Total: 51.934800 ms (FindLiveObjects: 1.397900 ms CreateObjectMapping: 2.558600 ms MarkObjects: 32.253800 ms  DeleteObjects: 15.722100 ms)

Prepare: number of updated asset objects reloaded= 0
========================================================================
Received Prepare
Begin MonoManager ReloadAssembly
[Licensing::Client] Successfully resolved entitlement details
- Loaded All Assemblies, in 12.134 seconds
Refreshing native plugins compatible for Editor in 4.32 ms, found 3 plugins.
Native extension for UWP target not found
Native extension for WindowsStandalone target not found
Failed to load: C:/Program Files/Unity/Hub/Editor/6000.2.12f1/Editor/Data/PlaybackEngines/VisionOSPlayer\x64\UnityEditor.VisionOS.Native.dll
Native extension for VisionOS target not found
Native extension for WebGL target not found
[Package Manager] Failed to launch server process. Reason: Unity was launched with the -noUpm command-line argument
[Package Manager] Unable to send message (not connected to server process).
[Package Manager] Cannot connect to Unity Package Manager local server
Mono: successfully reloaded assembly
- Finished resetting the current domain, in  5.172 seconds
Domain Reload Profiling: 17295ms
	BeginReloadAssembly (1227ms)
		ExecutionOrderSort (0ms)
		DisableScriptedObjects (51ms)
		BackupInstance (0ms)
		ReleaseScriptingObjects (0ms)
		CreateAndSetChildDomain (229ms)
	RebuildCommonClasses (231ms)
	RebuildNativeTypeToScriptingClass (77ms)
	initialDomainReloadingComplete (278ms)
	LoadAllAssembliesAndSetupDomain (10309ms)
		LoadAssemblies (7261ms)
		RebuildTransferFunctionScriptingTraits (0ms)
		AnalyzeDomain (3630ms)
			TypeCache.Refresh (93ms)
				TypeCache.ScanAssembly (7ms)
			BuildScriptInfoCaches (3098ms)
			ResolveRequiredComponents (374ms)
	FinalizeReload (5173ms)
		ReleaseScriptCaches (0ms)
		RebuildScriptCaches (0ms)
		SetupLoadedEditorAssemblies (4383ms)
			LogAssemblyErrors (0ms)
			InitializePlatformSupportModulesInManaged (85ms)
			SetLoadedEditorAssemblies (13ms)
			BeforeProcessingInitializeOnLoad (1132ms)
			ProcessInitializeOnLoadAttributes (2156ms)
			ProcessInitializeOnLoadMethodAttributes (953ms)
			AfterProcessingInitializeOnLoad (44ms)
			EditorAssembliesLoaded (1ms)
		ExecutionOrderSort2 (0ms)
		AwakeInstancesAfterBackupRestoration (60ms)
Refreshing native plugins compatible for Editor in 5.86 ms, found 3 plugins.
Preloading 0 native plugins for Editor in 0.00 ms.
Unloading 14 Unused Serialized files (Serialized files now loaded: 0)
Unloading 6187 unused Assets / (2.8 MB). Loaded Objects now: 6927.
Memory consumption went from 135.4 MB to 132.6 MB.
Total: 45.863600 ms (FindLiveObjects: 1.476700 ms CreateObjectMapping: 2.636900 ms MarkObjects: 28.112000 ms  DeleteObjects: 13.635800 ms)

Prepare: number of updated asset objects reloaded= 0
========================================================================
Received Prepare
Begin MonoManager ReloadAssembly
- Loaded All Assemblies, in  3.491 seconds
Refreshing native plugins compatible for Editor in 5.95 ms, found 3 plugins.
Native extension for UWP target not found
Native extension for WindowsStandalone target not found
Failed to load: C:/Program Files/Unity/Hub/Editor/6000.2.12f1/Editor/Data/PlaybackEngines/VisionOSPlayer\x64\UnityEditor.VisionOS.Native.dll
Native extension for VisionOS target not found
Native extension for WebGL target not found
[Package Manager] Failed to launch server process. Reason: Unity was launched with the -noUpm command-line argument
[Package Manager] Unable to send message (not connected to server process).
[Package Manager] Cannot connect to Unity Package Manager local server
Mono: successfully reloaded assembly
- Finished resetting the current domain, in 10.153 seconds
Domain Reload Profiling: 13629ms
	BeginReloadAssembly (825ms)
		ExecutionOrderSort (0ms)
		DisableScriptedObjects (22ms)
		BackupInstance (0ms)
		ReleaseScriptingObjects (0ms)
		CreateAndSetChildDomain (148ms)
	RebuildCommonClasses (171ms)
	RebuildNativeTypeToScriptingClass (59ms)
	initialDomainReloadingComplete (128ms)
	LoadAllAssembliesAndSetupDomain (2293ms)
		LoadAssemblies (1987ms)
		RebuildTransferFunctionScriptingTraits (0ms)
		AnalyzeDomain (763ms)
			TypeCache.Refresh (16ms)
				TypeCache.ScanAssembly (0ms)
			BuildScriptInfoCaches (694ms)
			ResolveRequiredComponents (43ms)
	FinalizeReload (10154ms)
		ReleaseScriptCaches (0ms)
		RebuildScriptCaches (0ms)
		SetupLoadedEditorAssemblies (8107ms)
			LogAssemblyErrors (0ms)
			InitializePlatformSupportModulesInManaged (321ms)
			SetLoadedEditorAssemblies (70ms)
			BeforeProcessingInitializeOnLoad (3565ms)
			ProcessInitializeOnLoadAttributes (3486ms)
			ProcessInitializeOnLoadMethodAttributes (589ms)
			AfterProcessingInitializeOnLoad (76ms)
			EditorAssembliesLoaded (1ms)
		ExecutionOrderSort2 (0ms)
		AwakeInstancesAfterBackupRestoration (79ms)
Refreshing native plugins compatible for Editor in 18.13 ms, found 3 plugins.
Preloading 0 native plugins for Editor in 0.00 ms.
Unloading 14 Unused Serialized files (Serialized files now loaded: 0)
Unloading 6187 unused Assets / (2.5 MB). Loaded Objects now: 6930.
Memory consumption went from 135.5 MB to 133.0 MB.
Total: 89.604300 ms (FindLiveObjects: 5.061300 ms CreateObjectMapping: 5.831600 ms MarkObjects: 59.171900 ms  DeleteObjects: 19.537600 ms)

Prepare: number of updated asset objects reloaded= 0
========================================================================
Received Import Request.
  Time since last request: 419.241403 seconds.
  path: Assets/PlayerInputActions.inputactions
  artifactKey: Guid(8d59070eb7f6eff4a93255ed52fbeea1) Importer(815301076,1909f56bfc062723c751e8b465ee728b)
Start importing Assets/PlayerInputActions.inputactions using Guid(8d59070eb7f6eff4a93255ed52fbeea1) Importer(815301076,1909f56bfc062723c751e8b465ee728b) (PreviewImporter) -> (artifact id: 'ee47a364b5ed0fb56f3d177c950640e3') in 0.133482 seconds
Number of updated asset objects reloaded before import = 0Number of asset objects unloaded after import = 10

========================================================================
Received Prepare
Refreshing native plugins compatible for Editor in 5.20 ms, found 3 plugins.
Preloading 0 native plugins for Editor in 0.00 ms.
Unloading 14 Unused Serialized files (Serialized files now loaded: 0)
Unloading 6181 unused Assets / (3.6 MB). Loaded Objects now: 6930.
Memory consumption went from 135.7 MB to 132.1 MB.
Total: 58.659200 ms (FindLiveObjects: 4.042900 ms CreateObjectMapping: 3.063100 ms MarkObjects: 40.220600 ms  DeleteObjects: 11.329900 ms)

Prepare: number of updated asset objects reloaded= 0
========================================================================
Received Prepare
Begin MonoManager ReloadAssembly
[Licensing::Client] Successfully resolved entitlement details
- Loaded All Assemblies, in  3.620 seconds
Refreshing native plugins compatible for Editor in 3.86 ms, found 3 plugins.
Native extension for UWP target not found
Native extension for WindowsStandalone target not found
Failed to load: C:/Program Files/Unity/Hub/Editor/6000.2.12f1/Editor/Data/PlaybackEngines/VisionOSPlayer\x64\UnityEditor.VisionOS.Native.dll
Native extension for VisionOS target not found
Native extension for WebGL target not found
[Package Manager] Failed to launch server process. Reason: Unity was launched with the -noUpm command-line argument
[Package Manager] Unable to send message (not connected to server process).
[Package Manager] Cannot connect to Unity Package Manager local server
Mono: successfully reloaded assembly
- Finished resetting the current domain, in  3.146 seconds
Domain Reload Profiling: 6759ms
	BeginReloadAssembly (876ms)
		ExecutionOrderSort (0ms)
		DisableScriptedObjects (25ms)
		BackupInstance (0ms)
		ReleaseScriptingObjects (1ms)
		CreateAndSetChildDomain (170ms)
	RebuildCommonClasses (212ms)
	RebuildNativeTypeToScriptingClass (61ms)
	initialDomainReloadingComplete (110ms)
	LoadAllAssembliesAndSetupDomain (2354ms)
		LoadAssemblies (1525ms)
		RebuildTransferFunctionScriptingTraits (0ms)
		AnalyzeDomain (1194ms)
			TypeCache.Refresh (64ms)
				TypeCache.ScanAssembly (6ms)
			BuildScriptInfoCaches (1070ms)
			ResolveRequiredComponents (46ms)
	FinalizeReload (3147ms)
		ReleaseScriptCaches (0ms)
		RebuildScriptCaches (0ms)
		SetupLoadedEditorAssemblies (2583ms)
			LogAssemblyErrors (0ms)
			InitializePlatformSupportModulesInManaged (68ms)
			SetLoadedEditorAssemblies (14ms)
			BeforeProcessingInitializeOnLoad (617ms)
			ProcessInitializeOnLoadAttributes (1558ms)
			ProcessInitializeOnLoadMethodAttributes (306ms)
			AfterProcessingInitializeOnLoad (21ms)
			EditorAssembliesLoaded (0ms)
		ExecutionOrderSort2 (0ms)
		AwakeInstancesAfterBackupRestoration (45ms)
Refreshing native plugins compatible for Editor in 3.18 ms, found 3 plugins.
Preloading 0 native plugins for Editor in 0.00 ms.
Unloading 14 Unused Serialized files (Serialized files now loaded: 0)
Unloading 6187 unused Assets / (4.2 MB). Loaded Objects now: 6933.
Memory consumption went from 135.5 MB to 131.4 MB.
Total: 25.706000 ms (FindLiveObjects: 1.162700 ms CreateObjectMapping: 1.776500 ms MarkObjects: 16.789500 ms  DeleteObjects: 5.974600 ms)

Prepare: number of updated asset objects reloaded= 0
========================================================================
Received Import Request.
  Time since last request: 80.008491 seconds.
  path: Assets/Items
  artifactKey: Guid(a9a809b110dd32e4a8d80abdd9a76a1d) Importer(815301076,1909f56bfc062723c751e8b465ee728b)
Start importing Assets/Items using Guid(a9a809b110dd32e4a8d80abdd9a76a1d) Importer(815301076,1909f56bfc062723c751e8b465ee728b) (PreviewImporter) -> (artifact id: '7650494b3d4295bb5607505eb71eb9c6') in 0.01673 seconds
Number of updated asset objects reloaded before import = 0Number of asset objects unloaded after import = 0

========================================================================
Received Import Request.
  Time since last request: 12.238688 seconds.
  path: Assets/PlayerInputActions.cs
  artifactKey: Guid(fbd3bfe0cbddf7c48b74df05814e6754) Importer(2089858483,192608db42251d675da83286b1cce702)
Start importing Assets/PlayerInputActions.cs using Guid(fbd3bfe0cbddf7c48b74df05814e6754) Importer(2089858483,192608db42251d675da83286b1cce702) (ScriptedImporter) -> (artifact id: '4eb1b6ae746e9fe3166679959d3f9fa7') in 1.0544355 seconds
Number of updated asset objects reloaded before import = 0Number of asset objects unloaded after import = 0

========================================================================
Received Import Request.
  Time since last request: 0.000037 seconds.
  path: Assets/Scripts/PlayerScripts/TestConsumableUser.cs
  artifactKey: Guid(8ee7543d554fbf24da3a7e3864a90d86) Importer(2089858483,192608db42251d675da83286b1cce702)
Start importing Assets/Scripts/PlayerScripts/TestConsumableUser.cs using Guid(8ee7543d554fbf24da3a7e3864a90d86) Importer(2089858483,192608db42251d675da83286b1cce702) (ScriptedImporter) -> (artifact id: '7f7c3bdc04915160a059c33f6b3fdaee') in 0.0658766 seconds
Number of updated asset objects reloaded before import = 0Number of asset objects unloaded after import = 0

========================================================================
Received Import Request.
  Time since last request: 0.000055 seconds.
  path: Assets/PlayerInputActions.inputactions
  artifactKey: Guid(8d59070eb7f6eff4a93255ed52fbeea1) Importer(2089858483,192608db42251d675da83286b1cce702)
Start importing Assets/PlayerInputActions.inputactions using Guid(8d59070eb7f6eff4a93255ed52fbeea1) Importer(2089858483,192608db42251d675da83286b1cce702) (ScriptedImporter) -> (artifact id: 'b27bc6890056fbe4b7d2690a9d52fd1d') in 1.199579 seconds
Number of updated asset objects reloaded before import = 0Number of asset objects unloaded after import = 12

========================================================================
Received Import Request.
  Time since last request: 1.583176 seconds.
  path: Assets/Items/Consumables/Poision.asset
  artifactKey: Guid(ade35a7409bce6f4dbc3272cb7df18ee) Importer(2089858483,192608db42251d675da83286b1cce702)
Start importing Assets/Items/Consumables/Poision.asset using Guid(ade35a7409bce6f4dbc3272cb7df18ee) Importer(2089858483,192608db42251d675da83286b1cce702) (ScriptedImporter) -> (artifact id: '25e4cb0448d884bbc1aea0b604132ce2') in 0.075665 seconds
Number of updated asset objects reloaded before import = 0Number of asset objects unloaded after import = 1

========================================================================
Received Import Request.
  Time since last request: 6.818866 seconds.
  path: Assets/Items/Consumables/Posion.asset
  artifactKey: Guid(ade35a7409bce6f4dbc3272cb7df18ee) Importer(815301076,1909f56bfc062723c751e8b465ee728b)
Start importing Assets/Items/Consumables/Posion.asset using Guid(ade35a7409bce6f4dbc3272cb7df18ee) Importer(815301076,1909f56bfc062723c751e8b465ee728b) (PreviewImporter) -> (artifact id: '7c639e294a9ee13a501f8c6d5af70d95') in 0.067252 seconds
Number of updated asset objects reloaded before import = 0Number of asset objects unloaded after import = 1

========================================================================
Received Import Request.
  Time since last request: 0.718403 seconds.
  path: Assets/Items/Consumables/Posion.asset
  artifactKey: Guid(ade35a7409bce6f4dbc3272cb7df18ee) Importer(2089858483,192608db42251d675da83286b1cce702)
Start importing Assets/Items/Consumables/Posion.asset using Guid(ade35a7409bce6f4dbc3272cb7df18ee) Importer(2089858483,192608db42251d675da83286b1cce702) (ScriptedImporter) -> (artifact id: '98429e50c2ffdcff5d9fca3543df10ba') in 0.0493002 seconds
Number of updated asset objects reloaded before import = 0Number of asset objects unloaded after import = 1

========================================================================
Received Prepare
Begin MonoManager ReloadAssembly
[Licensing::Client] Successfully resolved entitlement details
- Loaded All Assemblies, in  4.042 seconds
Refreshing native plugins compatible for Editor in 12.51 ms, found 3 plugins.
Native extension for UWP target not found
Native extension for WindowsStandalone target not found
Failed to load: C:/Program Files/Unity/Hub/Editor/6000.2.12f1/Editor/Data/PlaybackEngines/VisionOSPlayer\x64\UnityEditor.VisionOS.Native.dll
Native extension for VisionOS target not found
Native extension for WebGL target not found
[Package Manager] Failed to launch server process. Reason: Unity was launched with the -noUpm command-line argument
[Package Manager] Unable to send message (not connected to server process).
[Package Manager] Cannot connect to Unity Package Manager local server
Mono: successfully reloaded assembly
- Finished resetting the current domain, in 10.069 seconds
Domain Reload Profiling: 14144ms
	BeginReloadAssembly (1030ms)
		ExecutionOrderSort (0ms)
		DisableScriptedObjects (22ms)
		BackupInstance (0ms)
		ReleaseScriptingObjects (0ms)
		CreateAndSetChildDomain (253ms)
	RebuildCommonClasses (214ms)
	RebuildNativeTypeToScriptingClass (54ms)
	initialDomainReloadingComplete (136ms)
	LoadAllAssembliesAndSetupDomain (2639ms)
		LoadAssemblies (1494ms)
		RebuildTransferFunctionScriptingTraits (0ms)
		AnalyzeDomain (1534ms)
			TypeCache.Refresh (130ms)
				TypeCache.ScanAssembly (0ms)
			BuildScriptInfoCaches (1125ms)
			ResolveRequiredComponents (241ms)
	FinalizeReload (10070ms)
		ReleaseScriptCaches (0ms)
		RebuildScriptCaches (0ms)
		SetupLoadedEditorAssemblies (7458ms)
			LogAssemblyErrors (0ms)
			InitializePlatformSupportModulesInManaged (353ms)
			SetLoadedEditorAssemblies (87ms)
			BeforeProcessingInitializeOnLoad (3531ms)
			ProcessInitializeOnLoadAttributes (3209ms)
			ProcessInitializeOnLoadMethodAttributes (256ms)
			AfterProcessingInitializeOnLoad (21ms)
			EditorAssembliesLoaded (0ms)
		ExecutionOrderSort2 (0ms)
		AwakeInstancesAfterBackupRestoration (36ms)
Refreshing native plugins compatible for Editor in 5.05 ms, found 3 plugins.
Preloading 0 native plugins for Editor in 0.00 ms.
Unloading 14 Unused Serialized files (Serialized files now loaded: 0)
Unloading 6187 unused Assets / (4.8 MB). Loaded Objects now: 6936.
Memory consumption went from 136.6 MB to 131.8 MB.
Total: 29.030100 ms (FindLiveObjects: 1.507800 ms CreateObjectMapping: 4.154300 ms MarkObjects: 16.000000 ms  DeleteObjects: 7.365600 ms)

Prepare: number of updated asset objects reloaded= 0
========================================================================
Received Prepare
Begin MonoManager ReloadAssembly
[Licensing::Client] Successfully resolved entitlement details
- Loaded All Assemblies, in  3.765 seconds
Refreshing native plugins compatible for Editor in 26.59 ms, found 3 plugins.
Native extension for UWP target not found
Native extension for WindowsStandalone target not found
Failed to load: C:/Program Files/Unity/Hub/Editor/6000.2.12f1/Editor/Data/PlaybackEngines/VisionOSPlayer\x64\UnityEditor.VisionOS.Native.dll
Native extension for VisionOS target not found
Native extension for WebGL target not found
[Package Manager] Failed to launch server process. Reason: Unity was launched with the -noUpm command-line argument
[Package Manager] Unable to send message (not connected to server process).
[Package Manager] Cannot connect to Unity Package Manager local server
Mono: successfully reloaded assembly
- Finished resetting the current domain, in  9.407 seconds
Domain Reload Profiling: 13173ms
	BeginReloadAssembly (965ms)
		ExecutionOrderSort (0ms)
		DisableScriptedObjects (35ms)
		BackupInstance (0ms)
		ReleaseScriptingObjects (0ms)
		CreateAndSetChildDomain (197ms)
	RebuildCommonClasses (175ms)
	RebuildNativeTypeToScriptingClass (75ms)
	initialDomainReloadingComplete (152ms)
	LoadAllAssembliesAndSetupDomain (2395ms)
		LoadAssemblies (1650ms)
		RebuildTransferFunctionScriptingTraits (0ms)
		AnalyzeDomain (1227ms)
			TypeCache.Refresh (33ms)
				TypeCache.ScanAssembly (0ms)
			BuildScriptInfoCaches (1026ms)
			ResolveRequiredComponents (134ms)
	FinalizeReload (9411ms)
		ReleaseScriptCaches (0ms)
		RebuildScriptCaches (0ms)
		SetupLoadedEditorAssemblies (5291ms)
			LogAssemblyErrors (0ms)
			InitializePlatformSupportModulesInManaged (499ms)
			SetLoadedEditorAssemblies (90ms)
			BeforeProcessingInitializeOnLoad (1776ms)
			ProcessInitializeOnLoadAttributes (2370ms)
			ProcessInitializeOnLoadMethodAttributes (416ms)
			AfterProcessingInitializeOnLoad (133ms)
			EditorAssembliesLoaded (6ms)
		ExecutionOrderSort2 (0ms)
		AwakeInstancesAfterBackupRestoration (120ms)
Refreshing native plugins compatible for Editor in 8.76 ms, found 3 plugins.
Preloading 0 native plugins for Editor in 0.00 ms.
Unloading 14 Unused Serialized files (Serialized files now loaded: 0)
Unloading 6187 unused Assets / (4.3 MB). Loaded Objects now: 6939.
Memory consumption went from 136.7 MB to 132.4 MB.
Total: 57.710600 ms (FindLiveObjects: 3.284000 ms CreateObjectMapping: 7.151700 ms MarkObjects: 31.366900 ms  DeleteObjects: 15.905300 ms)

Prepare: number of updated asset objects reloaded= 0
========================================================================
Received Import Request.
  Time since last request: 648.947081 seconds.
  path: Assets/Items/Consumables/AgiltyLess.asset
  artifactKey: Guid(bb197616ae6a5344f9ff2591430e3e4e) Importer(815301076,1909f56bfc062723c751e8b465ee728b)
Start importing Assets/Items/Consumables/AgiltyLess.asset using Guid(bb197616ae6a5344f9ff2591430e3e4e) Importer(815301076,1909f56bfc062723c751e8b465ee728b) (PreviewImporter) -> (artifact id: 'f4925c4a0329b819c53f5c45a1e4fee9') in 0.0763424 seconds
Number of updated asset objects reloaded before import = 0Number of asset objects unloaded after import = 1

========================================================================
Received Import Request.
  Time since last request: 0.661359 seconds.
  path: Assets/Items/Consumables/AgiltyLess.asset
  artifactKey: Guid(bb197616ae6a5344f9ff2591430e3e4e) Importer(2089858483,192608db42251d675da83286b1cce702)
Start importing Assets/Items/Consumables/AgiltyLess.asset using Guid(bb197616ae6a5344f9ff2591430e3e4e) Importer(2089858483,192608db42251d675da83286b1cce702) (ScriptedImporter) -> (artifact id: '3fe42ced3d382296cf8044ff5f4dcd78') in 0.5420387 seconds
Number of updated asset objects reloaded before import = 0Number of asset objects unloaded after import = 1

========================================================================
Received Prepare
Begin MonoManager ReloadAssembly
[Licensing::Client] Successfully resolved entitlement details
- Loaded All Assemblies, in  3.757 seconds
Refreshing native plugins compatible for Editor in 10.38 ms, found 3 plugins.
Native extension for UWP target not found
Native extension for WindowsStandalone target not found
Failed to load: C:/Program Files/Unity/Hub/Editor/6000.2.12f1/Editor/Data/PlaybackEngines/VisionOSPlayer\x64\UnityEditor.VisionOS.Native.dll
Native extension for VisionOS target not found
Native extension for WebGL target not found
[Package Manager] Failed to launch server process. Reason: Unity was launched with the -noUpm command-line argument
[Package Manager] Unable to send message (not connected to server process).
[Package Manager] Cannot connect to Unity Package Manager local server
Mono: successfully reloaded assembly
- Finished resetting the current domain, in  8.585 seconds
Domain Reload Profiling: 12263ms
	BeginReloadAssembly (1179ms)
		ExecutionOrderSort (0ms)
		DisableScriptedObjects (89ms)
		BackupInstance (0ms)
		ReleaseScriptingObjects (0ms)
		CreateAndSetChildDomain (261ms)
	RebuildCommonClasses (183ms)
	RebuildNativeTypeToScriptingClass (86ms)
	initialDomainReloadingComplete (144ms)
	LoadAllAssembliesAndSetupDomain (2084ms)
		LoadAssemblies (1712ms)
		RebuildTransferFunctionScriptingTraits (0ms)
		AnalyzeDomain (908ms)
			TypeCache.Refresh (16ms)
				TypeCache.ScanAssembly (0ms)
			BuildScriptInfoCaches (722ms)
			ResolveRequiredComponents (158ms)
	FinalizeReload (8588ms)
		ReleaseScriptCaches (0ms)
		RebuildScriptCaches (0ms)
		SetupLoadedEditorAssemblies (6338ms)
			LogAssemblyErrors (0ms)
			InitializePlatformSupportModulesInManaged (381ms)
			SetLoadedEditorAssemblies (16ms)
			BeforeProcessingInitializeOnLoad (2915ms)
			ProcessInitializeOnLoadAttributes (2607ms)
			ProcessInitializeOnLoadMethodAttributes (376ms)
			AfterProcessingInitializeOnLoad (44ms)
			EditorAssembliesLoaded (1ms)
		ExecutionOrderSort2 (0ms)
		AwakeInstancesAfterBackupRestoration (105ms)
Refreshing native plugins compatible for Editor in 6.32 ms, found 3 plugins.
Preloading 0 native plugins for Editor in 0.00 ms.
Unloading 14 Unused Serialized files (Serialized files now loaded: 0)
Unloading 6187 unused Assets / (3.0 MB). Loaded Objects now: 6942.
Memory consumption went from 136.7 MB to 133.7 MB.
Total: 36.718200 ms (FindLiveObjects: 1.984200 ms CreateObjectMapping: 5.834200 ms MarkObjects: 19.025500 ms  DeleteObjects: 9.872300 ms)

Prepare: number of updated asset objects reloaded= 0
========================================================================
Received Prepare
Begin MonoManager ReloadAssembly
[Licensing::Client] Successfully resolved entitlement details
- Loaded All Assemblies, in  3.819 seconds
Refreshing native plugins compatible for Editor in 2.49 ms, found 3 plugins.
Native extension for UWP target not found
Native extension for WindowsStandalone target not found
Failed to load: C:/Program Files/Unity/Hub/Editor/6000.2.12f1/Editor/Data/PlaybackEngines/VisionOSPlayer\x64\UnityEditor.VisionOS.Native.dll
Native extension for VisionOS target not found
Native extension for WebGL target not found
[Package Manager] Failed to launch server process. Reason: Unity was launched with the -noUpm command-line argument
[Package Manager] Unable to send message (not connected to server process).
[Package Manager] Cannot connect to Unity Package Manager local server
Mono: successfully reloaded assembly
- Finished resetting the current domain, in  4.665 seconds
Domain Reload Profiling: 8482ms
	BeginReloadAssembly (837ms)
		ExecutionOrderSort (0ms)
		DisableScriptedObjects (22ms)
		BackupInstance (0ms)
		ReleaseScriptingObjects (0ms)
		CreateAndSetChildDomain (150ms)
	RebuildCommonClasses (150ms)
	RebuildNativeTypeToScriptingClass (59ms)
	initialDomainReloadingComplete (147ms)
	LoadAllAssembliesAndSetupDomain (2622ms)
		LoadAssemblies (1961ms)
		RebuildTransferFunctionScriptingTraits (0ms)
		AnalyzeDomain (1076ms)
			TypeCache.Refresh (58ms)
				TypeCache.ScanAssembly (5ms)
			BuildScriptInfoCaches (946ms)
			ResolveRequiredComponents (58ms)
	FinalizeReload (4667ms)
		ReleaseScriptCaches (0ms)
		RebuildScriptCaches (0ms)
		SetupLoadedEditorAssemblies (3746ms)
			LogAssemblyErrors (0ms)
			InitializePlatformSupportModulesInManaged (70ms)
			SetLoadedEditorAssemblies (25ms)
			BeforeProcessingInitializeOnLoad (1441ms)
			ProcessInitializeOnLoadAttributes (1767ms)
			ProcessInitializeOnLoadMethodAttributes (403ms)
			AfterProcessingInitializeOnLoad (39ms)
			EditorAssembliesLoaded (1ms)
		ExecutionOrderSort2 (0ms)
		AwakeInstancesAfterBackupRestoration (280ms)
Refreshing native plugins compatible for Editor in 7.96 ms, found 3 plugins.
Preloading 0 native plugins for Editor in 0.00 ms.
Unloading 14 Unused Serialized files (Serialized files now loaded: 0)
Unloading 6187 unused Assets / (4.2 MB). Loaded Objects now: 6945.
Memory consumption went from 136.8 MB to 132.6 MB.
Total: 35.622100 ms (FindLiveObjects: 2.144400 ms CreateObjectMapping: 4.310300 ms MarkObjects: 21.704400 ms  DeleteObjects: 7.457600 ms)

Prepare: number of updated asset objects reloaded= 0
========================================================================
Received Prepare
Begin MonoManager ReloadAssembly
- Loaded All Assemblies, in  3.180 seconds
Refreshing native plugins compatible for Editor in 20.71 ms, found 3 plugins.
Native extension for UWP target not found
Native extension for WindowsStandalone target not found
Failed to load: C:/Program Files/Unity/Hub/Editor/6000.2.12f1/Editor/Data/PlaybackEngines/VisionOSPlayer\x64\UnityEditor.VisionOS.Native.dll
Native extension for VisionOS target not found
Native extension for WebGL target not found
[Package Manager] Failed to launch server process. Reason: Unity was launched with the -noUpm command-line argument
[Package Manager] Unable to send message (not connected to server process).
[Package Manager] Cannot connect to Unity Package Manager local server
Mono: successfully reloaded assembly
- Finished resetting the current domain, in 13.681 seconds
Domain Reload Profiling: 16895ms
	BeginReloadAssembly (791ms)
		ExecutionOrderSort (0ms)
		DisableScriptedObjects (24ms)
		BackupInstance (0ms)
		ReleaseScriptingObjects (0ms)
		CreateAndSetChildDomain (149ms)
	RebuildCommonClasses (212ms)
	RebuildNativeTypeToScriptingClass (56ms)
	initialDomainReloadingComplete (125ms)
	LoadAllAssembliesAndSetupDomain (2022ms)
		LoadAssemblies (1582ms)
		RebuildTransferFunctionScriptingTraits (0ms)
		AnalyzeDomain (785ms)
			TypeCache.Refresh (17ms)
				TypeCache.ScanAssembly (0ms)
			BuildScriptInfoCaches (695ms)
			ResolveRequiredComponents (53ms)
	FinalizeReload (13688ms)
		ReleaseScriptCaches (0ms)
		RebuildScriptCaches (0ms)
		SetupLoadedEditorAssemblies (10503ms)
			LogAssemblyErrors (0ms)
			InitializePlatformSupportModulesInManaged (577ms)
			SetLoadedEditorAssemblies (103ms)
			BeforeProcessingInitializeOnLoad (5121ms)
			ProcessInitializeOnLoadAttributes (4162ms)
			ProcessInitializeOnLoadMethodAttributes (470ms)
			AfterProcessingInitializeOnLoad (67ms)
			EditorAssembliesLoaded (2ms)
		ExecutionOrderSort2 (0ms)
		AwakeInstancesAfterBackupRestoration (88ms)
Refreshing native plugins compatible for Editor in 8.50 ms, found 3 plugins.
Preloading 0 native plugins for Editor in 0.00 ms.
Unloading 14 Unused Serialized files (Serialized files now loaded: 0)
Unloading 6187 unused Assets / (3.9 MB). Loaded Objects now: 6948.
Memory consumption went from 136.8 MB to 133.0 MB.
Total: 46.416800 ms (FindLiveObjects: 2.000000 ms CreateObjectMapping: 4.494100 ms MarkObjects: 25.755000 ms  DeleteObjects: 14.164900 ms)

Prepare: number of updated asset objects reloaded= 0
========================================================================
Received Prepare
Refreshing native plugins compatible for Editor in 7.81 ms, found 3 plugins.
Preloading 0 native plugins for Editor in 0.00 ms.
Unloading 14 Unused Serialized files (Serialized files now loaded: 0)
Unloading 6182 unused Assets / (2.2 MB). Loaded Objects now: 6949.
Memory consumption went from 137.0 MB to 134.8 MB.
Total: 42.115800 ms (FindLiveObjects: 3.679100 ms CreateObjectMapping: 4.175000 ms MarkObjects: 24.287300 ms  DeleteObjects: 9.971700 ms)

Prepare: number of updated asset objects reloaded= 0
========================================================================
Received Prepare
Begin MonoManager ReloadAssembly
[Licensing::Client] Successfully resolved entitlement details
- Loaded All Assemblies, in  5.537 seconds
Refreshing native plugins compatible for Editor in 7.65 ms, found 3 plugins.
Native extension for UWP target not found
Native extension for WindowsStandalone target not found
Failed to load: C:/Program Files/Unity/Hub/Editor/6000.2.12f1/Editor/Data/PlaybackEngines/VisionOSPlayer\x64\UnityEditor.VisionOS.Native.dll
Native extension for VisionOS target not found
Native extension for WebGL target not found
[Package Manager] Failed to launch server process. Reason: Unity was launched with the -noUpm command-line argument
[Package Manager] Unable to send message (not connected to server process).
[Package Manager] Cannot connect to Unity Package Manager local server
Mono: successfully reloaded assembly
- Finished resetting the current domain, in  5.751 seconds
Domain Reload Profiling: 11379ms
	BeginReloadAssembly (1651ms)
		ExecutionOrderSort (0ms)
		DisableScriptedObjects (40ms)
		BackupInstance (0ms)
		ReleaseScriptingObjects (0ms)
		CreateAndSetChildDomain (309ms)
	RebuildCommonClasses (139ms)
	RebuildNativeTypeToScriptingClass (51ms)
	initialDomainReloadingComplete (115ms)
	LoadAllAssembliesAndSetupDomain (3671ms)
		LoadAssemblies (2424ms)
		RebuildTransferFunctionScriptingTraits (0ms)
		AnalyzeDomain (1699ms)
			TypeCache.Refresh (33ms)
				TypeCache.ScanAssembly (1ms)
			BuildScriptInfoCaches (1128ms)
			ResolveRequiredComponents (526ms)
	FinalizeReload (5752ms)
		ReleaseScriptCaches (0ms)
		RebuildScriptCaches (0ms)
		SetupLoadedEditorAssemblies (2297ms)
			LogAssemblyErrors (0ms)
			InitializePlatformSupportModulesInManaged (145ms)
			SetLoadedEditorAssemblies (17ms)
			BeforeProcessingInitializeOnLoad (567ms)
			ProcessInitializeOnLoadAttributes (1416ms)
			ProcessInitializeOnLoadMethodAttributes (136ms)
			AfterProcessingInitializeOnLoad (15ms)
			EditorAssembliesLoaded (0ms)
		ExecutionOrderSort2 (0ms)
		AwakeInstancesAfterBackupRestoration (28ms)
Refreshing native plugins compatible for Editor in 3.50 ms, found 3 plugins.
Preloading 0 native plugins for Editor in 0.00 ms.
Unloading 14 Unused Serialized files (Serialized files now loaded: 0)
Unloading 6191 unused Assets / (4.4 MB). Loaded Objects now: 6955.
Memory consumption went from 136.9 MB to 132.5 MB.
Total: 19.291800 ms (FindLiveObjects: 1.039700 ms CreateObjectMapping: 1.628500 ms MarkObjects: 10.894300 ms  DeleteObjects: 5.727300 ms)

Prepare: number of updated asset objects reloaded= 0
========================================================================
Received Prepare
Begin MonoManager ReloadAssembly
[Licensing::Client] Successfully resolved entitlement details
- Loaded All Assemblies, in  3.983 seconds
Refreshing native plugins compatible for Editor in 2.94 ms, found 3 plugins.
Native extension for UWP target not found
Native extension for WindowsStandalone target not found
Failed to load: C:/Program Files/Unity/Hub/Editor/6000.2.12f1/Editor/Data/PlaybackEngines/VisionOSPlayer\x64\UnityEditor.VisionOS.Native.dll
Native extension for VisionOS target not found
Native extension for WebGL target not found
[Package Manager] Failed to launch server process. Reason: Unity was launched with the -noUpm command-line argument
[Package Manager] Unable to send message (not connected to server process).
[Package Manager] Cannot connect to Unity Package Manager local server
Mono: successfully reloaded assembly
- Finished resetting the current domain, in  2.345 seconds
Domain Reload Profiling: 6317ms
	BeginReloadAssembly (828ms)
		ExecutionOrderSort (0ms)
		DisableScriptedObjects (25ms)
		BackupInstance (0ms)
		ReleaseScriptingObjects (0ms)
		CreateAndSetChildDomain (179ms)
	RebuildCommonClasses (161ms)
	RebuildNativeTypeToScriptingClass (58ms)
	initialDomainReloadingComplete (108ms)
	LoadAllAssembliesAndSetupDomain (2816ms)
		LoadAssemblies (1495ms)
		RebuildTransferFunctionScriptingTraits (0ms)
		AnalyzeDomain (1711ms)
			TypeCache.Refresh (23ms)
				TypeCache.ScanAssembly (2ms)
			BuildScriptInfoCaches (1645ms)
			ResolveRequiredComponents (35ms)
	FinalizeReload (2346ms)
		ReleaseScriptCaches (0ms)
		RebuildScriptCaches (0ms)
		SetupLoadedEditorAssemblies (1870ms)
			LogAssemblyErrors (0ms)
			InitializePlatformSupportModulesInManaged (65ms)
			SetLoadedEditorAssemblies (12ms)
			BeforeProcessingInitializeOnLoad (533ms)
			ProcessInitializeOnLoadAttributes (1074ms)
			ProcessInitializeOnLoadMethodAttributes (166ms)
			AfterProcessingInitializeOnLoad (20ms)
			EditorAssembliesLoaded (1ms)
		ExecutionOrderSort2 (0ms)
		AwakeInstancesAfterBackupRestoration (45ms)
Refreshing native plugins compatible for Editor in 3.37 ms, found 3 plugins.
Preloading 0 native plugins for Editor in 0.00 ms.
Unloading 14 Unused Serialized files (Serialized files now loaded: 0)
Unloading 6191 unused Assets / (4.3 MB). Loaded Objects now: 6958.
Memory consumption went from 136.9 MB to 132.6 MB.
Total: 24.932100 ms (FindLiveObjects: 1.430600 ms CreateObjectMapping: 2.126000 ms MarkObjects: 11.413400 ms  DeleteObjects: 9.959700 ms)

Prepare: number of updated asset objects reloaded= 0
========================================================================
Received Import Request.
  Time since last request: 1321.567540 seconds.
  path: Assets/Scripts/PlayerScripts/PlayerStatusEffects.cs
  artifactKey: Guid(22aab71e2b64d854d9de851fc8d770a4) Importer(2089858483,192608db42251d675da83286b1cce702)
Start importing Assets/Scripts/PlayerScripts/PlayerStatusEffects.cs using Guid(22aab71e2b64d854d9de851fc8d770a4) Importer(2089858483,192608db42251d675da83286b1cce702) (ScriptedImporter) -> (artifact id: '988a33345f962b902d2a60b8ae5ebd09') in 0.622827 seconds
Number of updated asset objects reloaded before import = 0Number of asset objects unloaded after import = 0

========================================================================
Received Import Request.
  Time since last request: 0.000029 seconds.
  path: Assets/Scripts/PlayerScripts/Effects
  artifactKey: Guid(38907d04b520cc54f9d0d2fa1c341a72) Importer(2089858483,192608db42251d675da83286b1cce702)
Start importing Assets/Scripts/PlayerScripts/Effects using Guid(38907d04b520cc54f9d0d2fa1c341a72) Importer(2089858483,192608db42251d675da83286b1cce702) (ScriptedImporter) -> (artifact id: '1ac563dc5c631923700d9de1b26aeed5') in 0.0368791 seconds
Number of updated asset objects reloaded before import = 0Number of asset objects unloaded after import = 1

========================================================================
Received Import Request.
  Time since last request: 0.000047 seconds.
  path: Assets/Scripts/PlayerScripts/Effects/DurationEffect.cs
  artifactKey: Guid(d9ab1b516e3e5464c83099ce380991bb) Importer(2089858483,192608db42251d675da83286b1cce702)
Start importing Assets/Scripts/PlayerScripts/Effects/DurationEffect.cs using Guid(d9ab1b516e3e5464c83099ce380991bb) Importer(2089858483,192608db42251d675da83286b1cce702) (ScriptedImporter) -> (artifact id: 'b2a7186b0d1866eab8e974fdc538c9c3') in 0.0375276 seconds
Number of updated asset objects reloaded before import = 0Number of asset objects unloaded after import = 0

========================================================================
Received Import Request.
  Time since last request: 0.000022 seconds.
  path: Assets/Scripts/PlayerScripts/Effects/InstantEffect.cs
  artifactKey: Guid(51bd952c2d850644699e8544acb30e8c) Importer(2089858483,192608db42251d675da83286b1cce702)
Start importing Assets/Scripts/PlayerScripts/Effects/InstantEffect.cs using Guid(51bd952c2d850644699e8544acb30e8c) Importer(2089858483,192608db42251d675da83286b1cce702) (ScriptedImporter) -> (artifact id: '59a4c375cb9c0702856825978a84cb29') in 0.0343506 seconds
Number of updated asset objects reloaded before import = 0Number of asset objects unloaded after import = 0

========================================================================
Received Import Request.
  Time since last request: 0.000039 seconds.
  path: Assets/Scripts/PlayerScripts/ConsumableItem.cs
  artifactKey: Guid(80d0413882f3e20409df383b7614c193) Importer(2089858483,192608db42251d675da83286b1cce702)
Start importing Assets/Scripts/PlayerScripts/ConsumableItem.cs using Guid(80d0413882f3e20409df383b7614c193) Importer(2089858483,192608db42251d675da83286b1cce702) (ScriptedImporter) -> (artifact id: 'dd7445fa9eaf5b06cf816fd7febf00ce') in 0.0374202 seconds
Number of updated asset objects reloaded before import = 0Number of asset objects unloaded after import = 0

========================================================================
Received Import Request.
  Time since last request: 0.000042 seconds.
  path: Assets/Scripts/PlayerScripts/TestConsumableUser.cs
  artifactKey: Guid(8ee7543d554fbf24da3a7e3864a90d86) Importer(2089858483,192608db42251d675da83286b1cce702)
Start importing Assets/Scripts/PlayerScripts/TestConsumableUser.cs using Guid(8ee7543d554fbf24da3a7e3864a90d86) Importer(2089858483,192608db42251d675da83286b1cce702) (ScriptedImporter) -> (artifact id: '5d1b1df42bc3ed23b2e25c673b38377c') in 0.036491 seconds
Number of updated asset objects reloaded before import = 0Number of asset objects unloaded after import = 0

========================================================================
Received Import Request.
  Time since last request: 0.000022 seconds.
  path: Assets/Scripts/PlayerScripts/Effects/PlayerEffect.cs
  artifactKey: Guid(5cf17ece64f27524b91d8cca678f8649) Importer(2089858483,192608db42251d675da83286b1cce702)
Start importing Assets/Scripts/PlayerScripts/Effects/PlayerEffect.cs using Guid(5cf17ece64f27524b91d8cca678f8649) Importer(2089858483,192608db42251d675da83286b1cce702) (ScriptedImporter) -> (artifact id: '341afe99f870c3debff03126b6e04948') in 0.0347447 seconds
Number of updated asset objects reloaded before import = 0Number of asset objects unloaded after import = 0

========================================================================
Received Import Request.
  Time since last request: 0.000024 seconds.
  path: Assets/Scripts/PlayerScripts/Effects/PassiveEffect.cs
  artifactKey: Guid(11dfdc9687d559b40a89ad8a126ca9ea) Importer(2089858483,192608db42251d675da83286b1cce702)
Start importing Assets/Scripts/PlayerScripts/Effects/PassiveEffect.cs using Guid(11dfdc9687d559b40a89ad8a126ca9ea) Importer(2089858483,192608db42251d675da83286b1cce702) (ScriptedImporter) -> (artifact id: '20d236b7e6463eac8df1d7aba3f07636') in 0.0333551 seconds
Number of updated asset objects reloaded before import = 0Number of asset objects unloaded after import = 0

========================================================================
Received Import Request.
  Time since last request: 9.078182 seconds.
  path: Assets/Items/Consumables/PassiveHealing.asset
  artifactKey: Guid(9e825f1c9d2bd7945ae7f4391ee4021f) Importer(815301076,1909f56bfc062723c751e8b465ee728b)
Start importing Assets/Items/Consumables/PassiveHealing.asset using Guid(9e825f1c9d2bd7945ae7f4391ee4021f) Importer(815301076,1909f56bfc062723c751e8b465ee728b) (PreviewImporter) -> (artifact id: '8ca27b806cb1c67544ce7de5cc5f58f7') in 0.0559206 seconds
Number of updated asset objects reloaded before import = 0Number of asset objects unloaded after import = 1

========================================================================
Received Import Request.
  Time since last request: 0.798286 seconds.
  path: Assets/Items/Consumables/PassiveHealing.asset
  artifactKey: Guid(9e825f1c9d2bd7945ae7f4391ee4021f) Importer(2089858483,192608db42251d675da83286b1cce702)
Start importing Assets/Items/Consumables/PassiveHealing.asset using Guid(9e825f1c9d2bd7945ae7f4391ee4021f) Importer(2089858483,192608db42251d675da83286b1cce702) (ScriptedImporter) -> (artifact id: '3f2b2277a0d68505e3736d48c1e7b780') in 0.0681188 seconds
Number of updated asset objects reloaded before import = 0Number of asset objects unloaded after import = 1

========================================================================
Received Import Request.
  Time since last request: 18.591693 seconds.
  path: Assets/Items/Consumables/DurationHea.asset
  artifactKey: Guid(e76ccbd0302a2354692e38ad86c253be) Importer(815301076,1909f56bfc062723c751e8b465ee728b)
Start importing Assets/Items/Consumables/DurationHea.asset using Guid(e76ccbd0302a2354692e38ad86c253be) Importer(815301076,1909f56bfc062723c751e8b465ee728b) (PreviewImporter) -> (artifact id: '56d8692d550c32571b44026438e4a3c0') in 0.0043375 seconds
Number of updated asset objects reloaded before import = 0Number of asset objects unloaded after import = 1

========================================================================
Received Import Request.
  Time since last request: 0.700755 seconds.
  path: Assets/Items/Consumables/DurationHea.asset
  artifactKey: Guid(e76ccbd0302a2354692e38ad86c253be) Importer(2089858483,192608db42251d675da83286b1cce702)
Start importing Assets/Items/Consumables/DurationHea.asset using Guid(e76ccbd0302a2354692e38ad86c253be) Importer(2089858483,192608db42251d675da83286b1cce702) (ScriptedImporter) -> (artifact id: '0b97d74aae4daf9444ab70ecc5b99944') in 0.0384755 seconds
Number of updated asset objects reloaded before import = 0Number of asset objects unloaded after import = 1

========================================================================
Received Import Request.
  Time since last request: 17.668523 seconds.
  path: Assets/Items/Consumables/InstantDamage.asset
  artifactKey: Guid(12c90a87b62286f4facee35d265a9140) Importer(815301076,1909f56bfc062723c751e8b465ee728b)
Start importing Assets/Items/Consumables/InstantDamage.asset using Guid(12c90a87b62286f4facee35d265a9140) Importer(815301076,1909f56bfc062723c751e8b465ee728b) (PreviewImporter) -> (artifact id: 'cd00334774e20483d3a86cd1a7886b84') in 0.0092515 seconds
Number of updated asset objects reloaded before import = 0Number of asset objects unloaded after import = 1

========================================================================
Received Import Request.
  Time since last request: 0.822701 seconds.
  path: Assets/Items/Consumables/InstantDamage.asset
  artifactKey: Guid(12c90a87b62286f4facee35d265a9140) Importer(2089858483,192608db42251d675da83286b1cce702)
Start importing Assets/Items/Consumables/InstantDamage.asset using Guid(12c90a87b62286f4facee35d265a9140) Importer(2089858483,192608db42251d675da83286b1cce702) (ScriptedImporter) -> (artifact id: '2b888037f75f4ed05d1c1c0578e44a7b') in 0.0416628 seconds
Number of updated asset objects reloaded before import = 0Number of asset objects unloaded after import = 1

========================================================================
Received Import Request.
  Time since last request: 191.810713 seconds.
  path: Assets/Items/Consumables/ConsumableTest.asset
  artifactKey: Guid(ce435877340f11246b2807c6ee3eecf6) Importer(815301076,1909f56bfc062723c751e8b465ee728b)
Start importing Assets/Items/Consumables/ConsumableTest.asset using Guid(ce435877340f11246b2807c6ee3eecf6) Importer(815301076,1909f56bfc062723c751e8b465ee728b) (PreviewImporter) -> (artifact id: 'f482c1636ec2458c34294c1db0e4b9ad') in 0.0060821 seconds
Number of updated asset objects reloaded before import = 0Number of asset objects unloaded after import = 1

========================================================================
Received Import Request.
  Time since last request: 0.784219 seconds.
  path: Assets/Items/Consumables/ConsumableTest.asset
  artifactKey: Guid(ce435877340f11246b2807c6ee3eecf6) Importer(2089858483,192608db42251d675da83286b1cce702)
Start importing Assets/Items/Consumables/ConsumableTest.asset using Guid(ce435877340f11246b2807c6ee3eecf6) Importer(2089858483,192608db42251d675da83286b1cce702) (ScriptedImporter) -> (artifact id: 'f8b3cbe1d70a5ac49fae0765abce12dc') in 0.035563 seconds
Number of updated asset objects reloaded before import = 0Number of asset objects unloaded after import = 1

========================================================================
Received Prepare
Begin MonoManager ReloadAssembly
[Licensing::Client] Successfully resolved entitlement details
- Loaded All Assemblies, in  3.757 seconds
Refreshing native plugins compatible for Editor in 17.47 ms, found 3 plugins.
Native extension for UWP target not found
Native extension for WindowsStandalone target not found
Failed to load: C:/Program Files/Unity/Hub/Editor/6000.2.12f1/Editor/Data/PlaybackEngines/VisionOSPlayer\x64\UnityEditor.VisionOS.Native.dll
Native extension for VisionOS target not found
Native extension for WebGL target not found
[Package Manager] Failed to launch server process. Reason: Unity was launched with the -noUpm command-line argument
[Package Manager] Unable to send message (not connected to server process).
[Package Manager] Cannot connect to Unity Package Manager local server
Mono: successfully reloaded assembly
- Finished resetting the current domain, in  9.194 seconds
Domain Reload Profiling: 12977ms
	BeginReloadAssembly (1143ms)
		ExecutionOrderSort (0ms)
		DisableScriptedObjects (53ms)
		BackupInstance (0ms)
		ReleaseScriptingObjects (0ms)
		CreateAndSetChildDomain (303ms)
	RebuildCommonClasses (226ms)
	RebuildNativeTypeToScriptingClass (83ms)
	initialDomainReloadingComplete (112ms)
	LoadAllAssembliesAndSetupDomain (2217ms)
		LoadAssemblies (1533ms)
		RebuildTransferFunctionScriptingTraits (0ms)
		AnalyzeDomain (1084ms)
			TypeCache.Refresh (15ms)
				TypeCache.ScanAssembly (0ms)
			BuildScriptInfoCaches (902ms)
			ResolveRequiredComponents (148ms)
	FinalizeReload (9196ms)
		ReleaseScriptCaches (0ms)
		RebuildScriptCaches (0ms)
		SetupLoadedEditorAssemblies (6096ms)
			LogAssemblyErrors (0ms)
			InitializePlatformSupportModulesInManaged (451ms)
			SetLoadedEditorAssemblies (171ms)
			BeforeProcessingInitializeOnLoad (3190ms)
			ProcessInitializeOnLoadAttributes (2129ms)
			ProcessInitializeOnLoadMethodAttributes (133ms)
			AfterProcessingInitializeOnLoad (23ms)
			EditorAssembliesLoaded (1ms)
		ExecutionOrderSort2 (0ms)
		AwakeInstancesAfterBackupRestoration (37ms)
Refreshing native plugins compatible for Editor in 2.93 ms, found 3 plugins.
Preloading 0 native plugins for Editor in 0.00 ms.
Unloading 14 Unused Serialized files (Serialized files now loaded: 0)
Unloading 6191 unused Assets / (3.8 MB). Loaded Objects now: 6961.
Memory consumption went from 137.0 MB to 133.2 MB.
Total: 18.358600 ms (FindLiveObjects: 1.279800 ms CreateObjectMapping: 2.074500 ms MarkObjects: 10.665900 ms  DeleteObjects: 4.336300 ms)

Prepare: number of updated asset objects reloaded= 0
========================================================================
Received Prepare
Refreshing native plugins compatible for Editor in 12.18 ms, found 3 plugins.
Preloading 0 native plugins for Editor in 0.00 ms.
Unloading 14 Unused Serialized files (Serialized files now loaded: 0)
Unloading 6186 unused Assets / (7.1 MB). Loaded Objects now: 6962.
Memory consumption went from 137.1 MB to 130.1 MB.
Total: 240.640600 ms (FindLiveObjects: 4.981200 ms CreateObjectMapping: 30.278900 ms MarkObjects: 156.598800 ms  DeleteObjects: 48.779300 ms)

Prepare: number of updated asset objects reloaded= 0
========================================================================
Received Prepare
Begin MonoManager ReloadAssembly
[Licensing::Client] Successfully resolved entitlement details
- Loaded All Assemblies, in  5.728 seconds
Refreshing native plugins compatible for Editor in 4.36 ms, found 3 plugins.
Native extension for UWP target not found
Native extension for WindowsStandalone target not found
Failed to load: C:/Program Files/Unity/Hub/Editor/6000.2.12f1/Editor/Data/PlaybackEngines/VisionOSPlayer\x64\UnityEditor.VisionOS.Native.dll
Native extension for VisionOS target not found
Native extension for WebGL target not found
[Package Manager] Failed to launch server process. Reason: Unity was launched with the -noUpm command-line argument
[Package Manager] Unable to send message (not connected to server process).
[Package Manager] Cannot connect to Unity Package Manager local server
Mono: successfully reloaded assembly
- Finished resetting the current domain, in  3.847 seconds
Domain Reload Profiling: 9564ms
	BeginReloadAssembly (2891ms)
		ExecutionOrderSort (0ms)
		DisableScriptedObjects (33ms)
		BackupInstance (0ms)
		ReleaseScriptingObjects (0ms)
		CreateAndSetChildDomain (1357ms)
	RebuildCommonClasses (143ms)
	RebuildNativeTypeToScriptingClass (49ms)
	initialDomainReloadingComplete (96ms)
	LoadAllAssembliesAndSetupDomain (2537ms)
		LoadAssemblies (1567ms)
		RebuildTransferFunctionScriptingTraits (0ms)
		AnalyzeDomain (1498ms)
			TypeCache.Refresh (23ms)
				TypeCache.ScanAssembly (1ms)
			BuildScriptInfoCaches (1426ms)
			ResolveRequiredComponents (41ms)
	FinalizeReload (3848ms)
		ReleaseScriptCaches (0ms)
		RebuildScriptCaches (0ms)
		SetupLoadedEditorAssemblies (3096ms)
			LogAssemblyErrors (0ms)
			InitializePlatformSupportModulesInManaged (92ms)
			SetLoadedEditorAssemblies (24ms)
			BeforeProcessingInitializeOnLoad (1331ms)
			ProcessInitializeOnLoadAttributes (1399ms)
			ProcessInitializeOnLoadMethodAttributes (218ms)
			AfterProcessingInitializeOnLoad (32ms)
			EditorAssembliesLoaded (1ms)
		ExecutionOrderSort2 (0ms)
		AwakeInstancesAfterBackupRestoration (51ms)
Refreshing native plugins compatible for Editor in 5.52 ms, found 3 plugins.
Preloading 0 native plugins for Editor in 0.00 ms.
Unloading 14 Unused Serialized files (Serialized files now loaded: 0)
Unloading 6192 unused Assets / (4.3 MB). Loaded Objects now: 6965.
Memory consumption went from 137.0 MB to 132.7 MB.
Total: 40.027000 ms (FindLiveObjects: 2.787100 ms CreateObjectMapping: 2.005500 ms MarkObjects: 25.338600 ms  DeleteObjects: 9.893500 ms)

Prepare: number of updated asset objects reloaded= 0
========================================================================
Received Prepare
Begin MonoManager ReloadAssembly
[Licensing::Client] Successfully resolved entitlement details
- Loaded All Assemblies, in  3.687 seconds
Refreshing native plugins compatible for Editor in 3.25 ms, found 3 plugins.
Native extension for UWP target not found
Native extension for WindowsStandalone target not found
Failed to load: C:/Program Files/Unity/Hub/Editor/6000.2.12f1/Editor/Data/PlaybackEngines/VisionOSPlayer\x64\UnityEditor.VisionOS.Native.dll
Native extension for VisionOS target not found
Native extension for WebGL target not found
[Package Manager] Failed to launch server process. Reason: Unity was launched with the -noUpm command-line argument
[Package Manager] Unable to send message (not connected to server process).
[Package Manager] Cannot connect to Unity Package Manager local server
Mono: successfully reloaded assembly
- Finished resetting the current domain, in  3.426 seconds
Domain Reload Profiling: 7105ms
	BeginReloadAssembly (1068ms)
		ExecutionOrderSort (0ms)
		DisableScriptedObjects (20ms)
		BackupInstance (0ms)
		ReleaseScriptingObjects (1ms)
		CreateAndSetChildDomain (278ms)
	RebuildCommonClasses (154ms)
	RebuildNativeTypeToScriptingClass (53ms)
	initialDomainReloadingComplete (119ms)
	LoadAllAssembliesAndSetupDomain (2282ms)
		LoadAssemblies (1636ms)
		RebuildTransferFunctionScriptingTraits (0ms)
		AnalyzeDomain (1114ms)
			TypeCache.Refresh (42ms)
				TypeCache.ScanAssembly (3ms)
			BuildScriptInfoCaches (1024ms)
			ResolveRequiredComponents (38ms)
	FinalizeReload (3429ms)
		ReleaseScriptCaches (0ms)
		RebuildScriptCaches (0ms)
		SetupLoadedEditorAssemblies (2911ms)
			LogAssemblyErrors (0ms)
			InitializePlatformSupportModulesInManaged (72ms)
			SetLoadedEditorAssemblies (16ms)
			BeforeProcessingInitializeOnLoad (502ms)
			ProcessInitializeOnLoadAttributes (1184ms)
			ProcessInitializeOnLoadMethodAttributes (1112ms)
			AfterProcessingInitializeOnLoad (24ms)
			EditorAssembliesLoaded (1ms)
		ExecutionOrderSort2 (0ms)
		AwakeInstancesAfterBackupRestoration (43ms)
Refreshing native plugins compatible for Editor in 4.17 ms, found 3 plugins.
Preloading 0 native plugins for Editor in 0.00 ms.
Unloading 14 Unused Serialized files (Serialized files now loaded: 0)
Unloading 6192 unused Assets / (4.0 MB). Loaded Objects now: 6968.
Memory consumption went from 137.0 MB to 133.0 MB.
Total: 34.369000 ms (FindLiveObjects: 1.971400 ms CreateObjectMapping: 3.248700 ms MarkObjects: 20.006900 ms  DeleteObjects: 9.140100 ms)

Prepare: number of updated asset objects reloaded= 0
========================================================================
Received Import Request.
  Time since last request: 1350.537341 seconds.
  path: Assets/Scripts/PlayerScripts/Effects/DurationEffect.cs
  artifactKey: Guid(d9ab1b516e3e5464c83099ce380991bb) Importer(2089858483,192608db42251d675da83286b1cce702)
Start importing Assets/Scripts/PlayerScripts/Effects/DurationEffect.cs using Guid(d9ab1b516e3e5464c83099ce380991bb) Importer(2089858483,192608db42251d675da83286b1cce702) (ScriptedImporter) -> (artifact id: '8b6f8047d61052648f9479b4acb24645') in 1.0278464 seconds
Number of updated asset objects reloaded before import = 0Number of asset objects unloaded after import = 0

========================================================================
Received Import Request.
  Time since last request: 0.000032 seconds.
  path: Assets/Scripts/PlayerScripts/ConsumableEntity.cs
  artifactKey: Guid(af6226a870ad96b45b24fce286c4a729) Importer(2089858483,192608db42251d675da83286b1cce702)
Start importing Assets/Scripts/PlayerScripts/ConsumableEntity.cs using Guid(af6226a870ad96b45b24fce286c4a729) Importer(2089858483,192608db42251d675da83286b1cce702) (ScriptedImporter) -> (artifact id: '6c593b94c86b6912b58cce8603c5e901') in 0.0518939 seconds
Number of updated asset objects reloaded before import = 0Number of asset objects unloaded after import = 0

========================================================================
Received Import Request.
  Time since last request: 0.000161 seconds.
  path: Assets/Scripts/PlayerScripts/Effects/InstantEffect.cs
  artifactKey: Guid(51bd952c2d850644699e8544acb30e8c) Importer(2089858483,192608db42251d675da83286b1cce702)
Start importing Assets/Scripts/PlayerScripts/Effects/InstantEffect.cs using Guid(51bd952c2d850644699e8544acb30e8c) Importer(2089858483,192608db42251d675da83286b1cce702) (ScriptedImporter) -> (artifact id: 'c1cc19ef3f97f6dd45cc8f91193e184c') in 0.0511195 seconds
Number of updated asset objects reloaded before import = 0Number of asset objects unloaded after import = 0

========================================================================
Received Import Request.
  Time since last request: 0.000035 seconds.
  path: Assets/Scripts/PlayerScripts/ConsumableItem.cs
  artifactKey: Guid(80d0413882f3e20409df383b7614c193) Importer(2089858483,192608db42251d675da83286b1cce702)
Start importing Assets/Scripts/PlayerScripts/ConsumableItem.cs using Guid(80d0413882f3e20409df383b7614c193) Importer(2089858483,192608db42251d675da83286b1cce702) (ScriptedImporter) -> (artifact id: '998b0cd34d2177f38ae0ca1bc1ddab63') in 0.0571012 seconds
Number of updated asset objects reloaded before import = 0Number of asset objects unloaded after import = 0

========================================================================
Received Import Request.
  Time since last request: 0.000044 seconds.
  path: Assets/Scripts/PlayerScripts/TestConsumableUser.cs
  artifactKey: Guid(8ee7543d554fbf24da3a7e3864a90d86) Importer(2089858483,192608db42251d675da83286b1cce702)
Start importing Assets/Scripts/PlayerScripts/TestConsumableUser.cs using Guid(8ee7543d554fbf24da3a7e3864a90d86) Importer(2089858483,192608db42251d675da83286b1cce702) (ScriptedImporter) -> (artifact id: 'd8489abedd8762bdb998b51a620578fe') in 0.0524553 seconds
Number of updated asset objects reloaded before import = 0Number of asset objects unloaded after import = 0

========================================================================
Received Import Request.
  Time since last request: 0.000073 seconds.
  path: Assets/Scripts/PlayerScripts/PlayerUI.cs
  artifactKey: Guid(583b1536d169ac5418322a6996d0ab33) Importer(2089858483,192608db42251d675da83286b1cce702)
Start importing Assets/Scripts/PlayerScripts/PlayerUI.cs using Guid(583b1536d169ac5418322a6996d0ab33) Importer(2089858483,192608db42251d675da83286b1cce702) (ScriptedImporter) -> (artifact id: '5cbe25b88e7719724cdf249ce426d47a') in 0.0504929 seconds
Number of updated asset objects reloaded before import = 0Number of asset objects unloaded after import = 0

========================================================================
Received Import Request.
  Time since last request: 0.000041 seconds.
  path: Assets/Scripts/PlayerScripts/Effects/PlayerEffect.cs
  artifactKey: Guid(5cf17ece64f27524b91d8cca678f8649) Importer(2089858483,192608db42251d675da83286b1cce702)
Start importing Assets/Scripts/PlayerScripts/Effects/PlayerEffect.cs using Guid(5cf17ece64f27524b91d8cca678f8649) Importer(2089858483,192608db42251d675da83286b1cce702) (ScriptedImporter) -> (artifact id: '993eeda94e69148058c523764aa4256c') in 0.0534093 seconds
Number of updated asset objects reloaded before import = 0Number of asset objects unloaded after import = 0

========================================================================
Received Import Request.
  Time since last request: 0.000147 seconds.
  path: Assets/Scripts/PlayerScripts/Effects/PassiveEffect.cs
  artifactKey: Guid(11dfdc9687d559b40a89ad8a126ca9ea) Importer(2089858483,192608db42251d675da83286b1cce702)
Start importing Assets/Scripts/PlayerScripts/Effects/PassiveEffect.cs using Guid(11dfdc9687d559b40a89ad8a126ca9ea) Importer(2089858483,192608db42251d675da83286b1cce702) (ScriptedImporter) -> (artifact id: '3932fbede03941f4284b056d4d1e92a9') in 0.0590371 seconds
Number of updated asset objects reloaded before import = 0Number of asset objects unloaded after import = 0

========================================================================
Received Import Request.
  Time since last request: 0.000045 seconds.
  path: Assets/Scripts/PlayerScripts/PlayerStatusEffects.cs
  artifactKey: Guid(22aab71e2b64d854d9de851fc8d770a4) Importer(2089858483,192608db42251d675da83286b1cce702)
Start importing Assets/Scripts/PlayerScripts/PlayerStatusEffects.cs using Guid(22aab71e2b64d854d9de851fc8d770a4) Importer(2089858483,192608db42251d675da83286b1cce702) (ScriptedImporter) -> (artifact id: '19bd8f1ccd68c582fba16c862d7db465') in 0.0602614 seconds
Number of updated asset objects reloaded before import = 0Number of asset objects unloaded after import = 0

========================================================================
Received Import Request.
  Time since last request: 27.049752 seconds.
  path: Assets/Items/Consumables/NegativeRegenTester.asset
  artifactKey: Guid(59002acd922f5dc4a847f9f192ef975c) Importer(815301076,1909f56bfc062723c751e8b465ee728b)
Start importing Assets/Items/Consumables/NegativeRegenTester.asset using Guid(59002acd922f5dc4a847f9f192ef975c) Importer(815301076,1909f56bfc062723c751e8b465ee728b) (PreviewImporter) -> (artifact id: '068abf14c869c1b26bf9e7c4e7e5e5e5') in 0.06455 seconds
Number of updated asset objects reloaded before import = 0Number of asset objects unloaded after import = 1

========================================================================
Received Import Request.
  Time since last request: 0.755991 seconds.
  path: Assets/Items/Consumables/NegativeRegenTester.asset
  artifactKey: Guid(59002acd922f5dc4a847f9f192ef975c) Importer(2089858483,192608db42251d675da83286b1cce702)
Start importing Assets/Items/Consumables/NegativeRegenTester.asset using Guid(59002acd922f5dc4a847f9f192ef975c) Importer(2089858483,192608db42251d675da83286b1cce702) (ScriptedImporter) -> (artifact id: '25c4bfcc41d872a940feda3d98187699') in 0.0848583 seconds
Number of updated asset objects reloaded before import = 0Number of asset objects unloaded after import = 1

========================================================================
Received Prepare
Begin MonoManager ReloadAssembly
[Licensing::Client] Successfully resolved entitlement details
- Loaded All Assemblies, in  4.398 seconds
Refreshing native plugins compatible for Editor in 4.30 ms, found 3 plugins.
Native extension for UWP target not found
Native extension for WindowsStandalone target not found
Failed to load: C:/Program Files/Unity/Hub/Editor/6000.2.12f1/Editor/Data/PlaybackEngines/VisionOSPlayer\x64\UnityEditor.VisionOS.Native.dll
Native extension for VisionOS target not found
Native extension for WebGL target not found
[Package Manager] Failed to launch server process. Reason: Unity was launched with the -noUpm command-line argument
[Package Manager] Unable to send message (not connected to server process).
[Package Manager] Cannot connect to Unity Package Manager local server
Mono: successfully reloaded assembly
- Finished resetting the current domain, in  3.759 seconds
Domain Reload Profiling: 8161ms
	BeginReloadAssembly (1103ms)
		ExecutionOrderSort (0ms)
		DisableScriptedObjects (32ms)
		BackupInstance (0ms)
		ReleaseScriptingObjects (1ms)
		CreateAndSetChildDomain (441ms)
	RebuildCommonClasses (182ms)
	RebuildNativeTypeToScriptingClass (53ms)
	initialDomainReloadingComplete (184ms)
	LoadAllAssembliesAndSetupDomain (2874ms)
		LoadAssemblies (1986ms)
		RebuildTransferFunctionScriptingTraits (0ms)
		AnalyzeDomain (1261ms)
			TypeCache.Refresh (46ms)
				TypeCache.ScanAssembly (2ms)
			BuildScriptInfoCaches (1075ms)
			ResolveRequiredComponents (115ms)
	FinalizeReload (3765ms)
		ReleaseScriptCaches (0ms)
		RebuildScriptCaches (0ms)
		SetupLoadedEditorAssemblies (2858ms)
			LogAssemblyErrors (0ms)
			InitializePlatformSupportModulesInManaged (68ms)
			SetLoadedEditorAssemblies (14ms)
			BeforeProcessingInitializeOnLoad (754ms)
			ProcessInitializeOnLoadAttributes (1775ms)
			ProcessInitializeOnLoadMethodAttributes (217ms)
			AfterProcessingInitializeOnLoad (29ms)
			EditorAssembliesLoaded (1ms)
		ExecutionOrderSort2 (0ms)
		AwakeInstancesAfterBackupRestoration (155ms)
Refreshing native plugins compatible for Editor in 3.24 ms, found 3 plugins.
Preloading 0 native plugins for Editor in 0.00 ms.
Unloading 14 Unused Serialized files (Serialized files now loaded: 0)
Unloading 6192 unused Assets / (4.4 MB). Loaded Objects now: 6971.
Memory consumption went from 137.1 MB to 132.6 MB.
Total: 24.055500 ms (FindLiveObjects: 1.085200 ms CreateObjectMapping: 1.938300 ms MarkObjects: 15.218000 ms  DeleteObjects: 5.810800 ms)

Prepare: number of updated asset objects reloaded= 0
